{"level":"info","message":"Server running on port 8000","timestamp":"2025-03-01T13:37:05.077Z"}
{"level":"info","message":"MongoDB connected successfully","timestamp":"2025-03-01T13:37:06.036Z"}
{"level":"info","message":"Server running on port 8000","timestamp":"2025-03-01T13:37:33.747Z"}
{"level":"info","message":"MongoDB connected successfully","timestamp":"2025-03-01T13:37:34.438Z"}
{"level":"info","message":"Server running on port http://localhost:8000","timestamp":"2025-03-01T13:39:36.962Z"}
{"level":"info","message":"MongoDB connected successfully","timestamp":"2025-03-01T13:39:37.937Z"}
{"level":"info","message":"Server running on port http://localhost:8000","timestamp":"2025-03-01T13:42:38.484Z"}
{"level":"info","message":"MongoDB connected successfully","timestamp":"2025-03-01T13:42:39.415Z"}
{"level":"info","message":"Server running on port http://localhost:8000","timestamp":"2025-03-01T13:44:21.001Z"}
{"level":"info","message":"MongoDB connected successfully","timestamp":"2025-03-01T13:44:21.870Z"}
{"level":"info","message":"Server running on port http://localhost:8000","timestamp":"2025-03-01T13:45:00.948Z"}
{"level":"info","message":"MongoDB connected successfully","timestamp":"2025-03-01T13:45:01.668Z"}
{"level":"info","message":"Server running on port http://localhost:8000","timestamp":"2025-03-01T13:45:59.088Z"}
{"level":"info","message":"MongoDB connected successfully","timestamp":"2025-03-01T13:46:00.220Z"}
{"level":"info","message":"Server running on port http://localhost:8000","timestamp":"2025-03-01T13:53:24.989Z"}
{"level":"info","message":"MongoDB connected successfully","timestamp":"2025-03-01T13:53:25.991Z"}
{"level":"info","message":"Server running on port http://localhost:8000","timestamp":"2025-03-01T16:58:08.594Z"}
{"level":"info","message":"MongoDB connected successfully","timestamp":"2025-03-01T16:58:09.615Z"}
{"level":"info","message":"Server running on port http://localhost:8000","timestamp":"2025-03-01T17:10:29.902Z"}
{"level":"info","message":"MongoDB connected successfully","timestamp":"2025-03-01T17:10:31.153Z"}
{"level":"info","message":"Server running on port http://localhost:8000","timestamp":"2025-03-01T17:15:34.060Z"}
{"level":"info","message":"MongoDB connected successfully","timestamp":"2025-03-01T17:15:35.078Z"}
{"level":"info","message":"Server running on port http://localhost:8000","timestamp":"2025-03-01T17:16:07.696Z"}
{"level":"info","message":"MongoDB connected successfully","timestamp":"2025-03-01T17:16:08.528Z"}
{"level":"info","message":"Server running on port http://localhost:8000","timestamp":"2025-03-02T03:52:12.408Z"}
{"level":"info","message":"MongoDB connected successfully","timestamp":"2025-03-02T03:52:13.134Z"}
{"level":"info","message":"Server running on port http://localhost:8000","timestamp":"2025-03-02T04:01:28.039Z"}
{"level":"info","message":"MongoDB connected successfully","timestamp":"2025-03-02T04:01:31.688Z"}
{"level":"info","message":"Server running on port http://localhost:8000","timestamp":"2025-03-02T04:05:41.257Z"}
{"level":"info","message":"MongoDB connected successfully","timestamp":"2025-03-02T04:05:42.194Z"}
{"level":"info","message":"Server running on port http://localhost:8000","timestamp":"2025-03-02T04:06:09.707Z"}
{"level":"info","message":"MongoDB connected successfully","timestamp":"2025-03-02T04:06:10.526Z"}
{"level":"info","message":"Server running on port http://localhost:8000","timestamp":"2025-03-02T10:26:50.939Z"}
{"level":"info","message":"MongoDB connected successfully","timestamp":"2025-03-02T10:26:51.751Z"}
{"level":"info","message":"Server running on port http://localhost:8000","timestamp":"2025-03-02T13:10:16.025Z"}
{"level":"info","message":"MongoDB connected successfully","timestamp":"2025-03-02T13:10:16.896Z"}
{"level":"info","message":"Server running on port http://localhost:8000","timestamp":"2025-03-02T13:27:51.323Z"}
{"level":"info","message":"MongoDB connected successfully","timestamp":"2025-03-02T13:27:53.817Z"}
{"level":"info","message":"Server running on port http://localhost:8000","timestamp":"2025-03-02T14:34:57.326Z"}
{"level":"info","message":"MongoDB connected successfully","timestamp":"2025-03-02T14:34:58.290Z"}
{"level":"info","message":"Server running on port http://localhost:8000","timestamp":"2025-03-02T14:36:18.598Z"}
{"level":"info","message":"MongoDB connected successfully","timestamp":"2025-03-02T14:36:19.572Z"}
{"level":"info","message":"Server running on port http://localhost:8000","timestamp":"2025-03-02T14:38:51.174Z"}
{"level":"info","message":"MongoDB connected successfully","timestamp":"2025-03-02T14:38:52.067Z"}
{"level":"info","message":"Server running on port http://localhost:8000","timestamp":"2025-03-02T14:40:17.475Z"}
{"level":"info","message":"MongoDB connected successfully","timestamp":"2025-03-02T14:40:18.578Z"}
{"level":"info","message":"Server running on port http://localhost:8000","timestamp":"2025-03-02T14:44:40.337Z"}
{"level":"info","message":"MongoDB connected successfully","timestamp":"2025-03-02T14:44:41.279Z"}
{"level":"info","message":"Server running on port http://localhost:8000","timestamp":"2025-03-02T14:53:21.827Z"}
{"level":"info","message":"MongoDB connected successfully","timestamp":"2025-03-02T14:53:22.711Z"}
{"level":"info","message":"Server running on port http://localhost:8000","timestamp":"2025-03-02T17:17:07.613Z"}
{"level":"info","message":"MongoDB connected successfully","timestamp":"2025-03-02T17:17:09.301Z"}
{"level":"info","message":"Server running on port http://localhost:8000","timestamp":"2025-03-02T17:24:24.335Z"}
{"level":"info","message":"MongoDB connected successfully","timestamp":"2025-03-02T17:24:25.860Z"}
{"level":"info","message":"Server running on port http://localhost:8000","timestamp":"2025-03-02T18:21:13.531Z"}
{"level":"info","message":"MongoDB connected successfully","timestamp":"2025-03-02T18:21:14.817Z"}
{"level":"info","message":"Server running on port http://localhost:8000","timestamp":"2025-03-02T18:23:40.414Z"}
{"level":"info","message":"MongoDB connected successfully","timestamp":"2025-03-02T18:23:41.636Z"}
{"level":"info","message":"Server running on port http://localhost:8000","timestamp":"2025-03-03T08:54:51.930Z"}
{"level":"info","message":"MongoDB connected successfully","timestamp":"2025-03-03T08:54:53.369Z"}
{"level":"info","message":"Server running on port http://localhost:8000","timestamp":"2025-03-03T08:57:54.784Z"}
{"level":"info","message":"MongoDB connected successfully","timestamp":"2025-03-03T08:57:55.669Z"}
{"level":"info","message":"Server running on port http://localhost:8000","timestamp":"2025-03-03T09:10:54.491Z"}
{"level":"info","message":"MongoDB connected successfully","timestamp":"2025-03-03T09:10:55.290Z"}
{"level":"info","message":"Server running on port http://localhost:8000","timestamp":"2025-03-03T09:33:07.707Z"}
{"level":"info","message":"MongoDB connected successfully","timestamp":"2025-03-03T09:33:08.698Z"}
{"level":"info","message":"Server running on port http://localhost:8000","timestamp":"2025-03-03T11:03:17.571Z"}
{"level":"info","message":"MongoDB connected successfully","timestamp":"2025-03-03T11:03:19.046Z"}
{"level":"info","message":"Server running on port http://localhost:8000","timestamp":"2025-03-03T11:09:26.146Z"}
{"level":"info","message":"MongoDB connected successfully","timestamp":"2025-03-03T11:09:27.188Z"}
{"level":"info","message":"Server running on port http://localhost:8000","timestamp":"2025-03-03T11:17:05.544Z"}
{"level":"info","message":"MongoDB connected successfully","timestamp":"2025-03-03T11:17:07.649Z"}
{"level":"info","message":"Server running on port http://localhost:8000","timestamp":"2025-03-03T11:21:30.828Z"}
{"level":"info","message":"MongoDB connected successfully","timestamp":"2025-03-03T11:21:31.947Z"}
{"level":"info","message":"Server running on port http://localhost:8000","timestamp":"2025-03-03T11:22:28.175Z"}
{"level":"info","message":"MongoDB connected successfully","timestamp":"2025-03-03T11:22:29.166Z"}
{"level":"info","message":"Server running on port http://localhost:8000","timestamp":"2025-03-03T11:24:47.803Z"}
{"level":"info","message":"MongoDB connected successfully","timestamp":"2025-03-03T11:24:48.630Z"}
{"level":"info","message":"Server running on port http://localhost:8000","timestamp":"2025-03-03T13:22:19.327Z"}
{"level":"info","message":"MongoDB connected successfully","timestamp":"2025-03-03T13:22:20.898Z"}
{"level":"info","message":"Server running on port http://localhost:8000","timestamp":"2025-03-03T13:27:55.071Z"}
{"level":"info","message":"MongoDB connected successfully","timestamp":"2025-03-03T13:27:58.451Z"}
{"level":"info","message":"Server running on port http://localhost:8000","timestamp":"2025-03-03T13:28:39.073Z"}
{"level":"info","message":"MongoDB connected successfully","timestamp":"2025-03-03T13:28:40.330Z"}
{"level":"info","message":"Server running on port http://localhost:8000","timestamp":"2025-03-03T13:30:09.719Z"}
{"level":"info","message":"MongoDB connected successfully","timestamp":"2025-03-03T13:30:11.319Z"}
{"level":"info","message":"Server running on port http://localhost:8000","timestamp":"2025-03-03T13:42:04.479Z"}
{"level":"info","message":"MongoDB connected successfully","timestamp":"2025-03-03T13:42:05.804Z"}
{"level":"info","message":"Server running on port http://localhost:8000","timestamp":"2025-03-03T13:43:02.006Z"}
{"level":"info","message":"MongoDB connected successfully","timestamp":"2025-03-03T13:43:04.024Z"}
{"level":"info","message":"Server running on port http://localhost:8000","timestamp":"2025-03-03T13:43:53.046Z"}
{"level":"info","message":"MongoDB connected successfully","timestamp":"2025-03-03T13:43:54.458Z"}
{"level":"info","message":"Server running on port http://localhost:8000","timestamp":"2025-03-03T13:45:29.006Z"}
{"level":"info","message":"MongoDB connected successfully","timestamp":"2025-03-03T13:45:31.470Z"}
{"level":"info","message":"Server running on port http://localhost:8000","timestamp":"2025-03-03T13:47:40.467Z"}
{"level":"info","message":"MongoDB connected successfully","timestamp":"2025-03-03T13:47:42.005Z"}
{"level":"info","message":"Server running on port http://localhost:8000","timestamp":"2025-06-21T03:49:40.056Z"}
{"level":"info","message":"MongoDB connected successfully","timestamp":"2025-06-21T03:49:42.021Z"}
{"level":"info","message":"Server running on port http://localhost:8000","timestamp":"2025-06-21T03:50:17.435Z"}
{"level":"info","message":"MongoDB connected successfully","timestamp":"2025-06-21T03:50:18.761Z"}
{"level":"info","message":"Server running on port http://localhost:8000","timestamp":"2025-06-21T04:12:23.780Z"}
{"level":"info","message":"MongoDB connected successfully","timestamp":"2025-06-21T04:12:26.383Z"}
{"level":"info","message":"Server running on port http://localhost:8000","timestamp":"2025-06-21T04:15:43.037Z"}
{"level":"info","message":"MongoDB connected successfully","timestamp":"2025-06-21T04:15:44.561Z"}
{"level":"info","message":"Server running on port http://localhost:8000","timestamp":"2025-06-21T04:20:17.656Z"}
{"level":"info","message":"MongoDB connected successfully","timestamp":"2025-06-21T04:20:19.560Z"}
{"level":"info","message":"Server running on port http://localhost:8000","timestamp":"2025-06-21T04:23:31.033Z"}
{"level":"info","message":"MongoDB connected successfully","timestamp":"2025-06-21T04:23:32.431Z"}
{"level":"info","message":"Server running on port http://localhost:8000","timestamp":"2025-06-21T04:24:34.208Z"}
{"level":"info","message":"MongoDB connected successfully","timestamp":"2025-06-21T04:24:35.798Z"}
{"level":"info","message":"Server running on port http://localhost:8000","timestamp":"2025-06-21T04:26:08.462Z"}
{"level":"info","message":"MongoDB connected successfully","timestamp":"2025-06-21T04:26:10.001Z"}
{"level":"info","message":"Server running on port http://localhost:8000","timestamp":"2025-06-21T04:26:42.199Z"}
{"level":"info","message":"MongoDB connected successfully","timestamp":"2025-06-21T04:26:43.403Z"}
{"level":"info","message":"Server running on port http://localhost:8000","timestamp":"2025-06-21T04:27:13.770Z"}
{"level":"info","message":"MongoDB connected successfully","timestamp":"2025-06-21T04:27:15.204Z"}
{"level":"info","message":"Server running on port http://localhost:8000","timestamp":"2025-06-21T04:54:46.384Z"}
{"level":"info","message":"MongoDB connected successfully","timestamp":"2025-06-21T04:54:47.715Z"}
{"level":"info","message":"Server running on port http://localhost:8000","timestamp":"2025-06-21T06:11:06.207Z"}
{"level":"info","message":"MongoDB connected successfully","timestamp":"2025-06-21T06:11:07.423Z"}
{"level":"info","message":"Server running on port http://localhost:8000","timestamp":"2025-06-21T06:16:50.871Z"}
{"level":"info","message":"MongoDB connected successfully","timestamp":"2025-06-21T06:16:52.118Z"}
{"level":"info","message":"Server running on port http://localhost:8000","timestamp":"2025-06-21T06:17:13.606Z"}
{"level":"info","message":"MongoDB connected successfully","timestamp":"2025-06-21T06:17:15.136Z"}
{"level":"info","message":"Server running on port http://localhost:8000","timestamp":"2025-06-21T06:17:37.673Z"}
{"level":"info","message":"MongoDB connected successfully","timestamp":"2025-06-21T06:17:38.941Z"}
{"level":"info","message":"Monthly report cron job setup complete","timestamp":"2025-06-21T07:39:19.269Z"}
{"level":"info","message":"30min report cron job setup complete","timestamp":"2025-06-21T07:39:19.291Z"}
{"level":"info","message":"Server running on port http://localhost:8000","timestamp":"2025-06-21T07:39:20.238Z"}
{"level":"info","message":"MongoDB connected successfully","timestamp":"2025-06-21T07:39:21.891Z"}
{"level":"info","message":"Monthly report cron job setup complete","timestamp":"2025-06-21T07:42:40.345Z"}
{"level":"info","message":"30min report cron job setup complete","timestamp":"2025-06-21T07:42:40.370Z"}
{"level":"info","message":"Server running on port http://localhost:8000","timestamp":"2025-06-21T07:42:40.980Z"}
{"level":"info","message":"MongoDB connected successfully","timestamp":"2025-06-21T07:42:42.333Z"}
{"level":"info","message":"Monthly report sent to mdrifatbd5@gmail.com:","timestamp":"2025-06-21T07:43:03.819Z"}
{"level":"info","message":"Monthly report sent to mahmudurrahmanarif20@gmail.com:","timestamp":"2025-06-21T07:43:07.638Z"}
{"level":"info","message":"Monthly report sent to bushratsuchona@gmail.com:","timestamp":"2025-06-21T07:43:11.487Z"}
{"level":"info","message":"Monthly report sent to aburayhan049596@gmail.com:","timestamp":"2025-06-21T07:43:15.327Z"}
{"level":"info","message":"Monthly report sent to khandakerfoysal518@gmail.com:","timestamp":"2025-06-21T07:43:19.162Z"}
{"level":"info","message":"Monthly report sent to mdrifatbd5@gmail.com:","timestamp":"2025-06-21T07:44:03.040Z"}
{"level":"info","message":"Monthly report sent to mahmudurrahmanarif20@gmail.com:","timestamp":"2025-06-21T07:44:08.025Z"}
{"level":"info","message":"Monthly report sent to bushratsuchona@gmail.com:","timestamp":"2025-06-21T07:44:12.579Z"}
{"level":"info","message":"Monthly report sent to aburayhan049596@gmail.com:","timestamp":"2025-06-21T07:44:16.413Z"}
{"level":"info","message":"Monthly report sent to khandakerfoysal518@gmail.com:","timestamp":"2025-06-21T07:44:20.201Z"}
{"level":"info","message":"Monthly report cron job setup complete","timestamp":"2025-10-28T14:49:03.106Z"}
{"level":"info","message":"Server running on port http://localhost:8000","timestamp":"2025-10-28T14:49:03.265Z"}
{"level":"info","message":"Monthly report cron job setup complete","timestamp":"2025-10-28T14:49:35.696Z"}
{"level":"info","message":"Server running on port http://localhost:8000","timestamp":"2025-10-28T14:49:35.877Z"}
{"level":"info","message":"Monthly report cron job setup complete","timestamp":"2025-10-28T14:52:36.195Z"}
{"level":"info","message":"Server running on port http://localhost:8000","timestamp":"2025-10-28T14:52:36.344Z"}
{"level":"info","message":"MongoDB connected successfully","timestamp":"2025-10-28T14:52:37.478Z"}
{"level":"info","message":"Monthly report cron job setup complete","timestamp":"2025-10-28T15:14:31.373Z"}
{"level":"info","message":"Server running on port http://localhost:8000","timestamp":"2025-10-28T15:14:31.551Z"}
{"level":"info","message":"MongoDB connected successfully","timestamp":"2025-10-28T15:14:32.692Z"}
{"level":"info","message":"Monthly report cron job setup complete","timestamp":"2025-10-28T15:15:00.905Z"}
{"level":"info","message":"Server running on port http://localhost:8000","timestamp":"2025-10-28T15:15:01.092Z"}
{"level":"info","message":"MongoDB connected successfully","timestamp":"2025-10-28T15:15:02.600Z"}
{"level":"info","message":"Monthly report cron job setup complete","timestamp":"2025-10-28T15:15:16.670Z"}
{"level":"info","message":"Server running on port http://localhost:8000","timestamp":"2025-10-28T15:15:16.849Z"}
{"level":"info","message":"MongoDB connected successfully","timestamp":"2025-10-28T15:15:17.931Z"}
{"level":"info","message":"Monthly report cron job setup complete","timestamp":"2025-10-28T15:21:02.629Z"}
{"level":"info","message":"Server running on port http://localhost:8000","timestamp":"2025-10-28T15:21:02.759Z"}
{"level":"info","message":"MongoDB connected successfully","timestamp":"2025-10-28T15:21:05.040Z"}
{"level":"info","message":"Monthly report cron job setup complete","timestamp":"2025-10-28T15:22:52.263Z"}
{"level":"info","message":"Server running on port http://localhost:8000","timestamp":"2025-10-28T15:22:52.439Z"}
{"level":"info","message":"MongoDB connected successfully","timestamp":"2025-10-28T15:22:55.263Z"}
{"level":"info","message":"Monthly report cron job setup complete","timestamp":"2025-10-28T15:23:03.065Z"}
{"level":"info","message":"Server running on port http://localhost:8000","timestamp":"2025-10-28T15:23:03.247Z"}
{"level":"info","message":"MongoDB connected successfully","timestamp":"2025-10-28T15:23:06.672Z"}
{"level":"info","message":"Monthly report cron job setup complete","timestamp":"2025-10-28T15:23:17.331Z"}
{"level":"info","message":"Server running on port http://localhost:8000","timestamp":"2025-10-28T15:23:17.508Z"}
{"level":"info","message":"MongoDB connected successfully","timestamp":"2025-10-28T15:23:19.893Z"}
{"level":"info","message":"Monthly report cron job setup complete","timestamp":"2025-10-28T15:23:44.582Z"}
{"level":"info","message":"Server running on port http://localhost:8000","timestamp":"2025-10-28T15:23:44.714Z"}
{"level":"info","message":"MongoDB connected successfully","timestamp":"2025-10-28T15:23:45.701Z"}
{"level":"info","message":"Monthly report cron job setup complete","timestamp":"2025-10-28T15:25:37.992Z"}
{"level":"info","message":"Server running on port http://localhost:8000","timestamp":"2025-10-28T15:25:38.146Z"}
{"level":"info","message":"MongoDB connected successfully","timestamp":"2025-10-28T15:25:39.897Z"}
{"level":"info","message":"Monthly report cron job setup complete","timestamp":"2025-10-28T15:26:29.635Z"}
{"level":"info","message":"Server running on port http://localhost:8000","timestamp":"2025-10-28T15:26:29.939Z"}
{"level":"info","message":"MongoDB connected successfully","timestamp":"2025-10-28T15:26:31.001Z"}
{"level":"info","message":"Monthly report cron job setup complete","timestamp":"2025-10-28T15:28:19.552Z"}
{"level":"info","message":"Server running on port http://localhost:8000","timestamp":"2025-10-28T15:28:19.715Z"}
{"level":"info","message":"MongoDB connected successfully","timestamp":"2025-10-28T15:28:20.828Z"}
{"level":"info","message":"Monthly report cron job setup complete","timestamp":"2025-10-28T15:31:52.095Z"}
{"level":"info","message":"Server running on port http://localhost:8000","timestamp":"2025-10-28T15:31:52.249Z"}
{"level":"info","message":"MongoDB connected successfully","timestamp":"2025-10-28T15:31:53.385Z"}
{"level":"info","message":"Monthly report cron job setup complete","timestamp":"2025-10-28T15:32:05.190Z"}
{"level":"info","message":"Server running on port http://localhost:8000","timestamp":"2025-10-28T15:32:05.412Z"}
{"level":"info","message":"MongoDB connected successfully","timestamp":"2025-10-28T15:32:06.789Z"}
{"level":"info","message":"Monthly report cron job setup complete","timestamp":"2025-10-28T15:32:26.091Z"}
{"level":"info","message":"Server running on port http://localhost:8000","timestamp":"2025-10-28T15:32:26.253Z"}
{"level":"info","message":"MongoDB connected successfully","timestamp":"2025-10-28T15:32:28.157Z"}
{"level":"info","message":"Monthly report cron job setup complete","timestamp":"2025-10-28T15:32:35.028Z"}
{"level":"info","message":"Server running on port http://localhost:8000","timestamp":"2025-10-28T15:32:35.185Z"}
{"level":"info","message":"MongoDB connected successfully","timestamp":"2025-10-28T15:32:36.406Z"}
{"level":"info","message":"Monthly report cron job setup complete","timestamp":"2025-10-28T15:33:09.917Z"}
{"level":"info","message":"Server running on port http://localhost:8000","timestamp":"2025-10-28T15:33:10.085Z"}
{"level":"info","message":"MongoDB connected successfully","timestamp":"2025-10-28T15:33:12.407Z"}
{"level":"info","message":"Monthly report cron job setup complete","timestamp":"2025-10-28T15:33:26.001Z"}
{"level":"info","message":"Server running on port http://localhost:8000","timestamp":"2025-10-28T15:33:26.163Z"}
{"level":"info","message":"MongoDB connected successfully","timestamp":"2025-10-28T15:33:27.268Z"}
{"level":"info","message":"Monthly report cron job setup complete","timestamp":"2025-10-28T15:38:58.587Z"}
{"level":"info","message":"Server running on port http://localhost:8000","timestamp":"2025-10-28T15:38:58.733Z"}
{"level":"info","message":"MongoDB connected successfully","timestamp":"2025-10-28T15:38:59.991Z"}
{"level":"info","message":"Monthly report cron job setup complete","timestamp":"2025-10-28T15:41:15.359Z"}
{"level":"info","message":"Server running on port http://localhost:8000","timestamp":"2025-10-28T15:41:15.514Z"}
{"level":"info","message":"MongoDB connected successfully","timestamp":"2025-10-28T15:41:16.402Z"}
{"level":"info","message":"Monthly report cron job setup complete","timestamp":"2025-10-28T15:41:34.118Z"}
{"level":"info","message":"Server running on port http://localhost:8000","timestamp":"2025-10-28T15:41:34.517Z"}
{"level":"info","message":"MongoDB connected successfully","timestamp":"2025-10-28T15:41:35.558Z"}
{"level":"info","message":"Monthly report cron job setup complete","timestamp":"2025-10-28T15:44:26.998Z"}
{"level":"info","message":"Server running on port http://localhost:8000","timestamp":"2025-10-28T15:44:27.155Z"}
{"level":"info","message":"MongoDB connected successfully","timestamp":"2025-10-28T15:44:28.044Z"}
{"level":"info","message":"Monthly report cron job setup complete","timestamp":"2025-10-28T15:44:41.990Z"}
{"level":"info","message":"Server running on port http://localhost:8000","timestamp":"2025-10-28T15:44:42.130Z"}
{"level":"info","message":"MongoDB connected successfully","timestamp":"2025-10-28T15:44:42.924Z"}
{"level":"info","message":"Monthly report cron job setup complete","timestamp":"2025-10-28T15:46:46.343Z"}
{"level":"info","message":"Server running on port http://localhost:8000","timestamp":"2025-10-28T15:46:46.482Z"}
{"level":"info","message":"MongoDB connected successfully","timestamp":"2025-10-28T15:46:47.574Z"}
{"level":"info","message":"Monthly report cron job setup complete","timestamp":"2025-10-28T15:50:13.292Z"}
{"level":"info","message":"Server running on port http://localhost:8000","timestamp":"2025-10-28T15:50:13.454Z"}
{"level":"info","message":"MongoDB connected successfully","timestamp":"2025-10-28T15:50:14.575Z"}
{"level":"info","message":"Monthly report cron job setup complete","timestamp":"2025-10-28T15:52:47.877Z"}
{"level":"info","message":"Server running on port http://localhost:8000","timestamp":"2025-10-28T15:52:48.005Z"}
{"level":"info","message":"MongoDB connected successfully","timestamp":"2025-10-28T15:52:49.189Z"}
{"level":"info","message":"Monthly report cron job setup complete","timestamp":"2025-10-28T15:58:34.980Z"}
{"level":"info","message":"Server running on port http://localhost:8000","timestamp":"2025-10-28T15:58:35.129Z"}
{"level":"info","message":"MongoDB connected successfully","timestamp":"2025-10-28T15:58:36.206Z"}
{"level":"info","message":"Monthly report cron job setup complete","timestamp":"2025-10-28T15:59:12.117Z"}
{"level":"info","message":"Server running on port http://localhost:8000","timestamp":"2025-10-28T15:59:12.253Z"}
{"level":"info","message":"MongoDB connected successfully","timestamp":"2025-10-28T15:59:12.998Z"}
{"level":"info","message":"Monthly report cron job setup complete","timestamp":"2025-10-29T05:31:08.088Z"}
{"level":"info","message":"Server running on port http://localhost:8000","timestamp":"2025-10-29T05:31:08.990Z"}
{"level":"info","message":"MongoDB connected successfully","timestamp":"2025-10-29T05:31:10.129Z"}
{"level":"info","message":"✅ Telegram scheduled notifications set up successfully","timestamp":"2025-10-29T05:31:11.133Z"}
{"level":"info","message":"✅ Telegram bot initialized successfully","timestamp":"2025-10-29T05:31:11.134Z"}
{"level":"info","message":"Monthly report cron job setup complete","timestamp":"2025-10-29T05:36:35.590Z"}
{"level":"info","message":"Server running on port http://localhost:8000","timestamp":"2025-10-29T05:36:36.818Z"}
{"level":"info","message":"MongoDB connected successfully","timestamp":"2025-10-29T05:36:37.892Z"}
{"level":"info","message":"✅ Telegram scheduled notifications set up successfully","timestamp":"2025-10-29T05:36:38.260Z"}
{"level":"info","message":"✅ Telegram bot initialized successfully","timestamp":"2025-10-29T05:36:38.260Z"}
{"level":"info","message":"Monthly report cron job setup complete","timestamp":"2025-10-29T06:01:36.453Z"}
{"level":"info","message":"Server running on port http://localhost:8000","timestamp":"2025-10-29T06:01:37.424Z"}
{"level":"info","message":"MongoDB connected successfully","timestamp":"2025-10-29T06:01:38.526Z"}
{"level":"info","message":"✅ Telegram scheduled notifications set up successfully","timestamp":"2025-10-29T06:01:38.896Z"}
{"level":"info","message":"✅ Telegram bot initialized successfully","timestamp":"2025-10-29T06:01:38.898Z"}
{"level":"info","message":"Monthly report cron job setup complete","timestamp":"2025-10-29T06:02:16.435Z"}
{"level":"info","message":"Server running on port http://localhost:8000","timestamp":"2025-10-29T06:02:17.708Z"}
{"level":"info","message":"MongoDB connected successfully","timestamp":"2025-10-29T06:02:18.751Z"}
{"level":"info","message":"Monthly report cron job setup complete","timestamp":"2025-10-29T06:02:22.782Z"}
{"level":"info","message":"Server running on port http://localhost:8000","timestamp":"2025-10-29T06:02:23.744Z"}
{"level":"info","message":"MongoDB connected successfully","timestamp":"2025-10-29T06:02:24.740Z"}
{"level":"info","message":"✅ Telegram scheduled notifications set up successfully","timestamp":"2025-10-29T06:02:30.208Z"}
{"level":"info","message":"✅ Telegram bot initialized successfully","timestamp":"2025-10-29T06:02:30.209Z"}
{"level":"info","message":"Telegram account linked: mdrifatbd5@gmail.com -> 1166388491","timestamp":"2025-10-29T06:16:47.291Z"}
{"level":"info","message":"Monthly report cron job setup complete","timestamp":"2025-10-29T06:42:07.052Z"}
{"level":"info","message":"Server running on port http://localhost:8000","timestamp":"2025-10-29T06:42:08.205Z"}
{"level":"info","message":"MongoDB connected successfully","timestamp":"2025-10-29T06:42:09.498Z"}
{"level":"info","message":"✅ Telegram scheduled notifications set up successfully","timestamp":"2025-10-29T06:42:09.690Z"}
{"level":"info","message":"✅ Telegram bot initialized successfully","timestamp":"2025-10-29T06:42:09.692Z"}
{"level":"info","message":"Monthly report cron job setup complete","timestamp":"2025-10-29T06:43:34.887Z"}
{"level":"info","message":"Server running on port http://localhost:8000","timestamp":"2025-10-29T06:43:36.001Z"}
{"level":"info","message":"MongoDB connected successfully","timestamp":"2025-10-29T06:43:37.221Z"}
{"level":"info","message":"✅ Telegram scheduled notifications set up successfully","timestamp":"2025-10-29T06:43:42.471Z"}
{"level":"info","message":"✅ Telegram bot initialized successfully","timestamp":"2025-10-29T06:43:42.473Z"}
{"level":"info","message":"Monthly report cron job setup complete","timestamp":"2025-10-29T06:48:33.202Z"}
{"level":"info","message":"Server running on port http://localhost:8000","timestamp":"2025-10-29T06:48:34.501Z"}
{"level":"info","message":"MongoDB connected successfully","timestamp":"2025-10-29T06:48:35.626Z"}
{"level":"info","message":"✅ Telegram scheduled notifications set up successfully","timestamp":"2025-10-29T06:48:40.942Z"}
{"level":"info","message":"✅ Telegram bot initialized successfully","timestamp":"2025-10-29T06:48:40.942Z"}
{"level":"info","message":"Monthly report cron job setup complete","timestamp":"2025-10-29T07:29:33.127Z"}
{"level":"info","message":"Server running on port http://localhost:8000","timestamp":"2025-10-29T07:29:34.117Z"}
{"level":"info","message":"MongoDB connected successfully","timestamp":"2025-10-29T07:29:35.355Z"}
{"level":"info","message":"✅ Telegram scheduled notifications set up successfully","timestamp":"2025-10-29T07:29:40.636Z"}
{"level":"info","message":"✅ Telegram bot initialized successfully","timestamp":"2025-10-29T07:29:40.637Z"}
{"level":"info","message":"Monthly report cron job setup complete","timestamp":"2025-10-29T07:30:01.545Z"}
{"level":"info","message":"Server running on port http://localhost:8000","timestamp":"2025-10-29T07:30:02.604Z"}
{"level":"info","message":"MongoDB connected successfully","timestamp":"2025-10-29T07:30:03.638Z"}
{"level":"info","message":"✅ Telegram scheduled notifications set up successfully","timestamp":"2025-10-29T07:30:17.174Z"}
{"level":"info","message":"✅ Telegram bot initialized successfully","timestamp":"2025-10-29T07:30:17.175Z"}
{"level":"info","message":"Monthly report cron job setup complete","timestamp":"2025-10-29T07:30:39.476Z"}
{"level":"info","message":"Server running on port http://localhost:8000","timestamp":"2025-10-29T07:30:41.418Z"}
{"level":"info","message":"MongoDB connected successfully","timestamp":"2025-10-29T07:30:42.783Z"}
{"level":"info","message":"✅ Telegram scheduled notifications set up successfully","timestamp":"2025-10-29T07:30:42.964Z"}
{"level":"info","message":"✅ Telegram bot initialized successfully","timestamp":"2025-10-29T07:30:42.971Z"}
{"level":"info","message":"Monthly report cron job setup complete","timestamp":"2025-10-29T07:31:04.493Z"}
{"level":"info","message":"Server running on port http://localhost:8000","timestamp":"2025-10-29T07:31:05.801Z"}
{"level":"info","message":"MongoDB connected successfully","timestamp":"2025-10-29T07:31:06.821Z"}
{"level":"info","message":"✅ Telegram scheduled notifications set up successfully","timestamp":"2025-10-29T07:31:07.259Z"}
{"level":"info","message":"✅ Telegram bot initialized successfully","timestamp":"2025-10-29T07:31:07.260Z"}
{"level":"info","message":"Monthly report cron job setup complete","timestamp":"2025-10-29T07:34:56.635Z"}
{"level":"info","message":"Server running on port http://localhost:8000","timestamp":"2025-10-29T07:34:57.971Z"}
{"level":"info","message":"MongoDB connected successfully","timestamp":"2025-10-29T07:34:59.231Z"}
{"level":"info","message":"✅ Telegram scheduled notifications set up successfully","timestamp":"2025-10-29T07:34:59.498Z"}
{"level":"info","message":"✅ Telegram bot initialized successfully","timestamp":"2025-10-29T07:34:59.499Z"}
{"level":"info","message":"Monthly report cron job setup complete","timestamp":"2025-10-29T07:36:29.158Z"}
{"level":"info","message":"Server running on port http://localhost:8000","timestamp":"2025-10-29T07:36:29.991Z"}
{"level":"info","message":"MongoDB connected successfully","timestamp":"2025-10-29T07:36:31.125Z"}
{"level":"info","message":"✅ Telegram scheduled notifications set up successfully","timestamp":"2025-10-29T07:36:46.203Z"}
{"level":"info","message":"✅ Telegram bot initialized successfully","timestamp":"2025-10-29T07:36:46.204Z"}
{"level":"info","message":"Monthly report cron job setup complete","timestamp":"2025-10-29T07:37:54.537Z"}
{"level":"info","message":"Server running on port http://localhost:8000","timestamp":"2025-10-29T07:37:55.268Z"}
{"level":"info","message":"MongoDB connected successfully","timestamp":"2025-10-29T07:37:56.348Z"}
{"level":"info","message":"✅ Telegram scheduled notifications set up successfully","timestamp":"2025-10-29T07:37:56.745Z"}
{"level":"info","message":"✅ Telegram bot initialized successfully","timestamp":"2025-10-29T07:37:56.746Z"}
